#
# A fatal error has been detected by the Java Runtime Environment:
#
#  EXCEPTION_ACCESS_VIOLATION (0xc0000005) at pc=0x00007ffb77b5bfb0, pid=1436, tid=11012
#
# JRE version: Java(TM) SE Runtime Environment Oracle GraalVM 17.0.10+11.1 (17.0.10+11) (build 17.0.10+11-LTS-jvmci-23.0-b27)
# Java VM: Java HotSpot(TM) 64-Bit Server VM Oracle GraalVM 17.0.10+11.1 (17.0.10+11-LTS-jvmci-23.0-b27, mixed mode, sharing, tiered, jvmci, jvmci compiler, compressed oops, compressed class ptrs, g1 gc, windows-amd64)
# Problematic frame:
# V  [jvm.dll+0xbfb0]
#
# No core dump will be written. Minidumps are not enabled by default on client versions of Windows
#
# If you would like to submit a bug report, please visit:
#   https://bugreport.java.com/bugreport/crash.jsp
#

---------------  S U M M A R Y ------------

Command Line: -XX:ThreadPriorityPolicy=1 -XX:+UnlockExperimentalVMOptions -XX:+EnableJVMCIProduct -XX:-UnlockExperimentalVMOptions -Dfile.encoding=windows-1251 -Duser.country=RU -Duser.language=ru -Duser.variant com.digitalPersona.UareU.UareUApplication

Host: Intel(R) Core(TM) i5-10400 CPU @ 2.90GHz, 12 cores, 15G,  Windows 10 , 64 bit Build 19041 (10.0.19041.3636)
Time: Mon May 13 13:59:06 2024  Windows 10 , 64 bit Build 19041 (10.0.19041.3636) elapsed time: 20.159217 seconds (0d 0h 0m 20s)

---------------  T H R E A D  ---------------

Current thread (0x000001236b8ce090):  JavaThread "http-nio-8181-exec-6" daemon [_thread_in_vm, id=11012, stack(0x0000000363c00000,0x0000000363d00000)]

Stack: [0x0000000363c00000,0x0000000363d00000],  sp=0x0000000363cfc958,  free space=1010k
Native frames: (J=compiled Java code, j=interpreted, Vv=VM code, C=native code)
V  [jvm.dll+0xbfb0]

Java frames: (J=compiled Java code, j=interpreted, Vv=VM code)
j  com.digitalpersona.uareu.jni.Dpfpdd.DpfpddCapture(JIIIIILcom/digitalpersona/uareu/jni/Dpfpdd$IntReference;Lcom/digitalpersona/uareu/jni/Dpfpdd$IntReference;Lcom/digitalpersona/uareu/jni/Dpfpdd$IntReference;Lcom/digitalpersona/uareu/jni/Dpfpdd$IntReference;Lcom/digitalpersona/uareu/dpfpdd/FidImpl;)I+0
j  com.digitalpersona.uareu.jni.Dpfpdd.capture(JILcom/digitalpersona/uareu/Fid$Format;Lcom/digitalpersona/uareu/Reader$ImageProcessing;II)Lcom/digitalpersona/uareu/Reader$CaptureResult;+83
j  com.digitalpersona.uareu.dpfpdd.ReaderCollectionImpl$ReaderImpl.Capture(Lcom/digitalpersona/uareu/Fid$Format;Lcom/digitalpersona/uareu/Reader$ImageProcessing;II)Lcom/digitalpersona/uareu/Reader$CaptureResult;+20
j  com.digitalPersona.UareU.service.impl.CaptureServiceImpl.capture(Lcom/digitalpersona/uareu/Reader;Z)Lcom/digitalpersona/uareu/Reader$CaptureResult;+89
j  com.digitalPersona.UareU.service.impl.DeviceServiceImpl.makeCapture()Lcom/digitalpersona/uareu/Reader$CaptureResult;+46
j  com.digitalPersona.UareU.service.impl.DeviceServiceImpl.capture()Lcom/digitalPersona/UareU/dto/ResponseDto;+1
j  com.digitalPersona.UareU.controller.MainController.capture()Lorg/springframework/http/ResponseEntity;+4
v  ~StubRoutines::call_stub
j  jdk.internal.reflect.NativeMethodAccessorImpl.invoke0(Ljava/lang/reflect/Method;Ljava/lang/Object;[Ljava/lang/Object;)Ljava/lang/Object;+0 java.base@17.0.10
j  jdk.internal.reflect.NativeMethodAccessorImpl.invoke(Ljava/lang/Object;[Ljava/lang/Object;)Ljava/lang/Object;+133 java.base@17.0.10
J 4594 c1 jdk.internal.reflect.DelegatingMethodAccessorImpl.invoke(Ljava/lang/Object;[Ljava/lang/Object;)Ljava/lang/Object; java.base@17.0.10 (10 bytes) @ 0x000001230aabf104 [0x000001230aabf0a0+0x0000000000000064]
J 4626 c1 java.lang.reflect.Method.invoke(Ljava/lang/Object;[Ljava/lang/Object;)Ljava/lang/Object; java.base@17.0.10 (65 bytes) @ 0x000001230aac970c [0x000001230aac95e0+0x000000000000012c]
j  org.springframework.web.method.support.InvocableHandlerMethod.doInvoke([Ljava/lang/Object;)Ljava/lang/Object;+55
j  org.springframework.web.method.support.InvocableHandlerMethod.invokeForRequest(Lorg/springframework/web/context/request/NativeWebRequest;Lorg/springframework/web/method/support/ModelAndViewContainer;[Ljava/lang/Object;)Ljava/lang/Object;+82
j  org.springframework.web.servlet.mvc.method.annotation.ServletInvocableHandlerMethod.invokeAndHandle(Lorg/springframework/web/context/request/ServletWebRequest;Lorg/springframework/web/method/support/ModelAndViewContainer;[Ljava/lang/Object;)V+4
j  org.springframework.web.servlet.mvc.method.annotation.RequestMappingHandlerAdapter.invokeHandlerMethod(Ljakarta/servlet/http/HttpServletRequest;Ljakarta/servlet/http/HttpServletResponse;Lorg/springframework/web/method/HandlerMethod;)Lorg/springframework/web/servlet/ModelAndView;+309
j  org.springframework.web.servlet.mvc.method.annotation.RequestMappingHandlerAdapter.handleInternal(Ljakarta/servlet/http/HttpServletRequest;Ljakarta/servlet/http/HttpServletResponse;Lorg/springframework/web/method/HandlerMethod;)Lorg/springframework/web/servlet/ModelAndView;+81
j  org.springframework.web.servlet.mvc.method.AbstractHandlerMethodAdapter.handle(Ljakarta/servlet/http/HttpServletRequest;Ljakarta/servlet/http/HttpServletResponse;Ljava/lang/Object;)Lorg/springframework/web/servlet/ModelAndView;+7
j  org.springframework.web.servlet.DispatcherServlet.doDispatch(Ljakarta/servlet/http/HttpServletRequest;Ljakarta/servlet/http/HttpServletResponse;)V+259
j  org.springframework.web.servlet.DispatcherServlet.doService(Ljakarta/servlet/http/HttpServletRequest;Ljakarta/servlet/http/HttpServletResponse;)V+242
j  org.springframework.web.servlet.FrameworkServlet.processRequest(Ljakarta/servlet/http/HttpServletRequest;Ljakarta/servlet/http/HttpServletResponse;)V+70
j  org.springframework.web.servlet.FrameworkServlet.doGet(Ljakarta/servlet/http/HttpServletRequest;Ljakarta/servlet/http/HttpServletResponse;)V+3
j  jakarta.servlet.http.HttpServlet.service(Ljakarta/servlet/http/HttpServletRequest;Ljakarta/servlet/http/HttpServletResponse;)V+35
j  org.springframework.web.servlet.FrameworkServlet.service(Ljakarta/servlet/http/HttpServletRequest;Ljakarta/servlet/http/HttpServletResponse;)V+20
j  jakarta.servlet.http.HttpServlet.service(Ljakarta/servlet/ServletRequest;Ljakarta/servlet/ServletResponse;)V+37
j  org.apache.catalina.core.ApplicationFilterChain.internalDoFilter(Ljakarta/servlet/ServletRequest;Ljakarta/servlet/ServletResponse;)V+305
j  org.apache.catalina.core.ApplicationFilterChain.doFilter(Ljakarta/servlet/ServletRequest;Ljakarta/servlet/ServletResponse;)V+99
j  org.apache.tomcat.websocket.server.WsFilter.doFilter(Ljakarta/servlet/ServletRequest;Ljakarta/servlet/ServletResponse;Ljakarta/servlet/FilterChain;)V+21
j  org.apache.catalina.core.ApplicationFilterChain.internalDoFilter(Ljakarta/servlet/ServletRequest;Ljakarta/servlet/ServletResponse;)V+135
j  org.apache.catalina.core.ApplicationFilterChain.doFilter(Ljakarta/servlet/ServletRequest;Ljakarta/servlet/ServletResponse;)V+99
j  org.springframework.web.filter.RequestContextFilter.doFilterInternal(Ljakarta/servlet/http/HttpServletRequest;Ljakarta/servlet/http/HttpServletResponse;Ljakarta/servlet/FilterChain;)V+21
j  org.springframework.web.filter.OncePerRequestFilter.doFilter(Ljakarta/servlet/ServletRequest;Ljakarta/servlet/ServletResponse;Ljakarta/servlet/FilterChain;)V+150
j  org.apache.catalina.core.ApplicationFilterChain.internalDoFilter(Ljakarta/servlet/ServletRequest;Ljakarta/servlet/ServletResponse;)V+135
j  org.apache.catalina.core.ApplicationFilterChain.doFilter(Ljakarta/servlet/ServletRequest;Ljakarta/servlet/ServletResponse;)V+99
j  org.springframework.web.filter.FormContentFilter.doFilterInternal(Ljakarta/servlet/http/HttpServletRequest;Ljakarta/servlet/http/HttpServletResponse;Ljakarta/servlet/FilterChain;)V+38
j  org.springframework.web.filter.OncePerRequestFilter.doFilter(Ljakarta/servlet/ServletRequest;Ljakarta/servlet/ServletResponse;Ljakarta/servlet/FilterChain;)V+150
j  org.apache.catalina.core.ApplicationFilterChain.internalDoFilter(Ljakarta/servlet/ServletRequest;Ljakarta/servlet/ServletResponse;)V+135
j  org.apache.catalina.core.ApplicationFilterChain.doFilter(Ljakarta/servlet/ServletRequest;Ljakarta/servlet/ServletResponse;)V+99
j  org.springframework.web.filter.CharacterEncodingFilter.doFilterInternal(Ljakarta/servlet/http/HttpServletRequest;Ljakarta/servlet/http/HttpServletResponse;Ljakarta/servlet/FilterChain;)V+53
j  org.springframework.web.filter.OncePerRequestFilter.doFilter(Ljakarta/servlet/ServletRequest;Ljakarta/servlet/ServletResponse;Ljakarta/servlet/FilterChain;)V+150
j  org.apache.catalina.core.ApplicationFilterChain.internalDoFilter(Ljakarta/servlet/ServletRequest;Ljakarta/servlet/ServletResponse;)V+135
j  org.apache.catalina.core.ApplicationFilterChain.doFilter(Ljakarta/servlet/ServletRequest;Ljakarta/servlet/ServletResponse;)V+99
j  org.apache.catalina.core.StandardWrapperValve.invoke(Lorg/apache/catalina/connector/Request;Lorg/apache/catalina/connector/Response;)V+514
j  org.apache.catalina.core.StandardContextValve.invoke(Lorg/apache/catalina/connector/Request;Lorg/apache/catalina/connector/Response;)V+169
j  org.apache.catalina.authenticator.AuthenticatorBase.invoke(Lorg/apache/catalina/connector/Request;Lorg/apache/catalina/connector/Response;)V+218
j  org.apache.catalina.core.StandardHostValve.invoke(Lorg/apache/catalina/connector/Request;Lorg/apache/catalina/connector/Response;)V+131
j  org.apache.catalina.valves.ErrorReportValve.invoke(Lorg/apache/catalina/connector/Request;Lorg/apache/catalina/connector/Response;)V+6
j  org.apache.catalina.core.StandardEngineValve.invoke(Lorg/apache/catalina/connector/Request;Lorg/apache/catalina/connector/Response;)V+59
j  org.apache.catalina.connector.CoyoteAdapter.service(Lorg/apache/coyote/Request;Lorg/apache/coyote/Response;)V+188
j  org.apache.coyote.http11.Http11Processor.service(Lorg/apache/tomcat/util/net/SocketWrapperBase;)Lorg/apache/tomcat/util/net/AbstractEndpoint$Handler$SocketState;+795
j  org.apache.coyote.AbstractProcessorLight.process(Lorg/apache/tomcat/util/net/SocketWrapperBase;Lorg/apache/tomcat/util/net/SocketEvent;)Lorg/apache/tomcat/util/net/AbstractEndpoint$Handler$SocketState;+152
j  org.apache.coyote.AbstractProtocol$ConnectionHandler.process(Lorg/apache/tomcat/util/net/SocketWrapperBase;Lorg/apache/tomcat/util/net/SocketEvent;)Lorg/apache/tomcat/util/net/AbstractEndpoint$Handler$SocketState;+482
j  org.apache.tomcat.util.net.NioEndpoint$SocketProcessor.doRun()V+249
j  org.apache.tomcat.util.net.SocketProcessorBase.run()V+32
j  org.apache.tomcat.util.threads.ThreadPoolExecutor.runWorker(Lorg/apache/tomcat/util/threads/ThreadPoolExecutor$Worker;)V+92
j  org.apache.tomcat.util.threads.ThreadPoolExecutor$Worker.run()V+5
j  org.apache.tomcat.util.threads.TaskThread$WrappingRunnable.run()V+4
j  java.lang.Thread.run()V+11 java.base@17.0.10
v  ~StubRoutines::call_stub

siginfo: EXCEPTION_ACCESS_VIOLATION (0xc0000005), reading address 0x0000000000000000


Registers:
RAX=0x0000000000000000, RBX=0x000001236b8ce090, RCX=0x0000000000000000, RDX=0x0000000000000000
RSP=0x0000000363cfc958, RBP=0x0000000363cfca11, RSI=0x000001236a8d6e20, RDI=0x0000000000000000
R8 =0x00007ffb78455780, R9 =0x00000000000006eb, R10=0x000001236b8ce090, R11=0x0000000363cfc928
R12=0x000001236b8ce340, R13=0x0000000363cfcaa8, R14=0x000001236c740080, R15=0x0000000000000000
RIP=0x00007ffb77b5bfb0, EFLAGS=0x0000000000010246


Register to memory mapping:

RIP=0x00007ffb77b5bfb0 jvm.dll
RAX=0x0 is NULL
RBX=0x000001236b8ce090 is a thread
RCX=0x0 is NULL
RDX=0x0 is NULL
RSP=0x0000000363cfc958 is pointing into the stack for thread: 0x000001236b8ce090
RBP=0x0000000363cfca11 is pointing into the stack for thread: 0x000001236b8ce090
RSI=0x000001236a8d6e20 points into unknown readable memory: 0x000000070d8184b0 | b0 84 81 0d 07 00 00 00
RDI=0x0 is NULL
R8 =0x00007ffb78455780 jvm.dll
R9 =0x00000000000006eb is an unknown value
R10=0x000001236b8ce090 is a thread
R11=0x0000000363cfc928 is pointing into the stack for thread: 0x000001236b8ce090
R12=0x000001236b8ce340 points into unknown readable memory: 0x00007ffb785e9680 | 80 96 5e 78 fb 7f 00 00
R13=0x0000000363cfcaa8 is pointing into the stack for thread: 0x000001236b8ce090
R14=0x000001236c740080 points into unknown readable memory: 0x0030313000524946 | 46 49 52 00 30 31 30 00
R15=0x0 is NULL


Top of Stack: (sp=0x0000000363cfc958)
0x0000000363cfc958:   00007ffb77f287aa 000001236b8ce090
0x0000000363cfc968:   000001236b6645f8 00000123000006eb
0x0000000363cfc978:   00007ffb78455780 0000000000000000
0x0000000363cfc988:   00007ffbc2bc5a3d 0000000000000000
0x0000000363cfc998:   000001236a8d6e20 000001236a8d6e20
0x0000000363cfc9a8:   000001236a8d6e28 0000000000000000
0x0000000363cfc9b8:   0000012301010007 0000000001010007
0x0000000363cfc9c8:   00007ffb77f58d2a 0000000000000001
0x0000000363cfc9d8:   00007ffb7821e604 0000000363cfcb11
0x0000000363cfc9e8:   000001236b8ce090 0000000000013f1e
0x0000000363cfc9f8:   0000001e00000000 0000000100000001
0x0000000363cfca08:   000001f4000001f4 0000000000000008
0x0000000363cfca18:   0000a48154824227 00002b741e4d47ce
0x0000000363cfca28:   000001236c740080 0000000000000000
0x0000000363cfca38:   0000000363cfcc50 000001236b8ce340
0x0000000363cfca48:   0000000001010007 0000000000013f1e 

Instructions: (pc=0x00007ffb77b5bfb0)
0x00007ffb77b5beb0:   6c 31 a8 00 48 83 c4 20 5b 48 ff e0 48 8d 05 ed
0x00007ffb77b5bec0:   00 00 00 48 8b cb 48 89 05 53 31 a8 00 48 83 c4
0x00007ffb77b5bed0:   20 5b 48 ff e0 48 8d 05 d4 00 00 00 48 8b cb 48
0x00007ffb77b5bee0:   89 05 3a 31 a8 00 48 83 c4 20 5b 48 ff e0 48 8b
0x00007ffb77b5bef0:   0d 5b 2e ae 00 8b 51 10 83 ea 01 0f 84 91 00 00
0x00007ffb77b5bf00:   00 83 ea 01 74 73 83 ea 01 74 55 83 fa 01 74 37
0x00007ffb77b5bf10:   4c 8d 0d 39 2c 82 00 41 b8 e9 00 00 00 48 8d 15
0x00007ffb77b5bf20:   64 2c 82 00 b9 00 00 00 e0 e8 32 95 23 00 e8 0d
0x00007ffb77b5bf30:   0e 66 00 33 c0 48 8b cb 48 89 05 e1 30 a8 00 48
0x00007ffb77b5bf40:   83 c4 20 5b 48 ff e0 48 8d 05 72 00 00 00 48 8b
0x00007ffb77b5bf50:   cb 48 89 05 c8 30 a8 00 48 83 c4 20 5b 48 ff e0
0x00007ffb77b5bf60:   48 8d 05 49 00 00 00 48 8b cb 48 89 05 af 30 a8
0x00007ffb77b5bf70:   00 48 83 c4 20 5b 48 ff e0 48 8d 05 30 00 00 00
0x00007ffb77b5bf80:   48 8b cb 48 89 05 96 30 a8 00 48 83 c4 20 5b 48
0x00007ffb77b5bf90:   ff e0 48 8d 05 17 00 00 00 48 8b cb 48 89 05 7d
0x00007ffb77b5bfa0:   30 a8 00 48 83 c4 20 5b 48 ff e0 cc cc cc cc cc
0x00007ffb77b5bfb0:   48 8b 01 c3 cc cc cc cc cc cc cc cc cc cc cc cc
0x00007ffb77b5bfc0:   48 89 5c 24 08 57 48 83 ec 20 48 8b 39 48 8b d9
0x00007ffb77b5bfd0:   48 85 3d f1 0e b3 00 75 0e 48 8b c7 48 8b 5c 24
0x00007ffb77b5bfe0:   30 48 83 c4 20 5f c3 48 8b cf e8 11 38 7f 00 48
0x00007ffb77b5bff0:   8b d0 48 85 c0 74 20 48 8b c7 f0 48 0f b1 13 74
0x00007ffb77b5c000:   16 48 85 05 c0 0e b3 00 74 0d 48 8b c8 f0 48 0f
0x00007ffb77b5c010:   b1 13 48 3b c1 75 ea 48 8b 5c 24 30 48 8b c2 48
0x00007ffb77b5c020:   83 c4 20 5f c3 cc cc cc cc cc cc cc cc cc cc cc
0x00007ffb77b5c030:   8b 44 24 30 45 03 c9 44 2b 4c 24 28 83 c0 0b 44
0x00007ffb77b5c040:   03 ca 45 03 c8 41 03 c1 c3 cc cc cc cc cc cc cc
0x00007ffb77b5c050:   48 8b 41 08 0f b7 48 2a 0f b7 40 28 83 c0 48 03
0x00007ffb77b5c060:   c1 c3 cc cc cc cc cc cc cc cc cc cc cc cc cc cc
0x00007ffb77b5c070:   48 89 5c 24 08 57 48 83 ec 20 0f b6 05 2f 16 b3
0x00007ffb77b5c080:   00 48 8b fa 48 8b d9 84 c0 74 4f 48 85 15 36 0e
0x00007ffb77b5c090:   b3 00 74 38 48 8b ca e8 74 3a 7f 00 48 8b d0 48
0x00007ffb77b5c0a0:   85 db 74 25 48 85 c0 74 20 48 8b c7 f0 48 0f b1 


Stack slot to memory mapping:
stack at sp + 0 slots: 0x00007ffb77f287aa jvm.dll
stack at sp + 1 slots: 0x000001236b8ce090 is a thread
stack at sp + 2 slots: 0x000001236b6645f8 points into unknown readable memory: 0x000000070d705d10 | 10 5d 70 0d 07 00 00 00
stack at sp + 3 slots: 0x00000123000006eb points into unknown readable memory: 01 55 fe ff ff
stack at sp + 4 slots: 0x00007ffb78455780 jvm.dll
stack at sp + 5 slots: 0x0 is NULL
stack at sp + 6 slots: 0x00007ffbc2bc5a3d dpuareu_jni.dll
stack at sp + 7 slots: 0x0 is NULL


Compiled method (c1) 4594       2       jdk.internal.reflect.DelegatingMethodAccessorImpl::invoke (10 bytes)
 total in heap  [0x000001230aabef10,0x000001230aabf238] = 808
 relocation     [0x000001230aabf068,0x000001230aabf0a0] = 56
 main code      [0x000001230aabf0a0,0x000001230aabf180] = 224
 stub code      [0x000001230aabf180,0x000001230aabf1c8] = 72
 metadata       [0x000001230aabf1c8,0x000001230aabf1d0] = 8
 scopes data    [0x000001230aabf1d0,0x000001230aabf1f0] = 32
 scopes pcs     [0x000001230aabf1f0,0x000001230aabf230] = 64
 dependencies   [0x000001230aabf230,0x000001230aabf238] = 8

[Constant Pool (empty)]

[MachCode]
[Entry Point]
  # {method} {0x00000123251c97b8} 'invoke' '(Ljava/lang/Object;[Ljava/lang/Object;)Ljava/lang/Object;' in 'jdk/internal/reflect/DelegatingMethodAccessorImpl'
  # this:     rdx:rdx   = 'jdk/internal/reflect/DelegatingMethodAccessorImpl'
  # parm0:    r8:r8     = 'java/lang/Object'
  # parm1:    r9:r9     = '[Ljava/lang/Object;'
  #           [sp+0x40]  (sp of caller)
  0x000001230aabf0a0: 448b 5208 | 49bb 0000 | 0025 2301 | 0000 4d03 | d34c 3bd0 

  0x000001230aabf0b4: ;   {runtime_call ic_miss_stub}
  0x000001230aabf0b4: 0f85 c6d9 | bf06 660f | 1f44 0000 
[Verified Entry Point]
  0x000001230aabf0c0: 8984 2400 | 90ff ff55 | 4883 ec30 | 48be 3882 | 0166 2301 | 0000 8b7e | 0883 c702 | 897e 0881 
  0x000001230aabf0e0: e7fe 0f00 | 0083 ff00 | 0f84 2900 | 0000 8b52 | 0c48 c1e2 | 0348 b8ff | ffff ffff 

  0x000001230aabf0fc: ;   {virtual_call}
  0x000001230aabf0fc: ffff ffe8 

  0x000001230aabf100: ; ImmutableOopMap {}
                      ;*invokevirtual invoke {reexecute=0 rethrow=0 return_oop=0}
                      ; - jdk.internal.reflect.DelegatingMethodAccessorImpl::invoke@6 (line 43)
  0x000001230aabf100: 8ce8 ca06 | 4883 c430 

  0x000001230aabf108: ;   {poll_return}
  0x000001230aabf108: 5d49 3ba7 | 4803 0000 | 0f87 1f00 

  0x000001230aabf114: ;   {metadata({method} {0x00000123251c97b8} 'invoke' '(Ljava/lang/Object;[Ljava/lang/Object;)Ljava/lang/Object;' in 'jdk/internal/reflect/DelegatingMethodAccessorImpl')}
  0x000001230aabf114: 0000 c349 | bab0 971c | 2523 0100 | 004c 8954 | 2408 48c7 | 0424 ffff 

  0x000001230aabf12c: ;   {runtime_call counter_overflow Runtime1 stub}
  0x000001230aabf12c: ffff e84d 

  0x000001230aabf130: ; ImmutableOopMap {rdx=Oop r8=Oop r9=Oop }
                      ;*synchronization entry
                      ; - jdk.internal.reflect.DelegatingMethodAccessorImpl::invoke@-1 (line 43)
  0x000001230aabf130: d9ca 06eb 

  0x000001230aabf134: ;   {internal_word}
  0x000001230aabf134: b949 ba09 | f1ab 0a23 | 0100 004d | 8997 6003 

  0x000001230aabf144: ;   {runtime_call SafepointBlob}
  0x000001230aabf144: 0000 e9b5 | 42c0 0690 | 9049 8b87 | e003 0000 | 49c7 87e0 | 0300 0000 | 0000 0049 | c787 e803 
  0x000001230aabf164: 0000 0000 | 0000 4883 

  0x000001230aabf16c: ;   {runtime_call unwind_exception Runtime1 stub}
  0x000001230aabf16c: c430 5de9 | 0c6d ca06 | f4f4 f4f4 | f4f4 f4f4 | f4f4 f4f4 
[Stub Code]
  0x000001230aabf180: ;   {no_reloc}
  0x000001230aabf180: 0f1f 4400 

  0x000001230aabf184: ;   {static_stub}
  0x000001230aabf184: 0048 bb00 | 0000 0000 

  0x000001230aabf18c: ;   {runtime_call}
  0x000001230aabf18c: 0000 00e9 | fbff ffff 
[Exception Handler]
  0x000001230aabf194: ;   {runtime_call handle_exception_from_callee Runtime1 stub}
  0x000001230aabf194: e8e7 a5ca 

  0x000001230aabf198: ;   {external_word}
  0x000001230aabf198: 0648 b9c0 | 4341 78fb | 7f00 0048 

  0x000001230aabf1a4: ;   {runtime_call}
  0x000001230aabf1a4: 83e4 f049 | ba50 310f | 78fb 7f00 | 0041 ffd2 

  0x000001230aabf1b4: ;   {section_word}
  0x000001230aabf1b4: f449 bab5 | f1ab 0a23 | 0100 0041 

  0x000001230aabf1c0: ;   {runtime_call DeoptimizationBlob}
  0x000001230aabf1c0: 52e9 5a31 | c006 f4f4 
[/MachCode]


Compiled method (c1) 4626       2       java.lang.reflect.Method::invoke (65 bytes)
 total in heap  [0x000001230aac9410,0x000001230aac9908] = 1272
 relocation     [0x000001230aac9568,0x000001230aac95c8] = 96
 main code      [0x000001230aac95e0,0x000001230aac97a0] = 448
 stub code      [0x000001230aac97a0,0x000001230aac9818] = 120
 metadata       [0x000001230aac9818,0x000001230aac9820] = 8
 scopes data    [0x000001230aac9820,0x000001230aac9870] = 80
 scopes pcs     [0x000001230aac9870,0x000001230aac98f0] = 128
 dependencies   [0x000001230aac98f0,0x000001230aac98f8] = 8
 nul chk table  [0x000001230aac98f8,0x000001230aac9908] = 16

[Constant Pool (empty)]

[MachCode]
[Entry Point]
  # {method} {0x00000123253c1e88} 'invoke' '(Ljava/lang/Object;[Ljava/lang/Object;)Ljava/lang/Object;' in 'java/lang/reflect/Method'
  # this:     rdx:rdx   = 'java/lang/reflect/Method'
  # parm0:    r8:r8     = 'java/lang/Object'
  # parm1:    r9:r9     = '[Ljava/lang/Object;'
  #           [sp+0x80]  (sp of caller)
  0x000001230aac95e0: 448b 5208 | 49bb 0000 | 0025 2301 | 0000 4d03 | d34c 3bd0 

  0x000001230aac95f4: ;   {runtime_call ic_miss_stub}
  0x000001230aac95f4: 0f85 8634 | bf06 660f | 1f44 0000 
[Verified Entry Point]
  0x000001230aac9600: 8984 2400 | 90ff ff55 | 4883 ec70 | 4889 5424 | 484c 8944 | 2450 48be | a87b 0166 | 2301 0000 
  0x000001230aac9620: 8b7e 0883 | c702 897e | 0881 e7fe | 0f00 0083 | ff00 0f84 | e700 0000 | 0fbe 720c | 83fe 004c 
  0x000001230aac9640: 894c 2458 | 0f85 8700 | 0000 0f1f 

  0x000001230aac964c: ;   {static_call}
  0x000001230aac964c: 4400 00e8 

  0x000001230aac9650: ; ImmutableOopMap {[72]=Oop [88]=Oop [80]=Oop }
                      ;*invokestatic getCallerClass {reexecute=0 rethrow=0 return_oop=0}
                      ; - java.lang.reflect.Method::invoke@7 (line 559)
  0x000001230aac9650: ecb7 2607 | 488b 5424 | 4844 8b4a | 2449 c1e1 | 038b 7220 | 4c8b c641 | 83e0 0841 | 83f8 0041 
  0x000001230aac9670: b800 0000 | 000f 8406 | 0000 0041 | b801 0000 | 0041 83e0 | 0141 83f8 | 000f 840f 

  0x000001230aac968c: ;   {oop(NULL)}
  0x000001230aac968c: 0000 0048 | bf00 0000 | 0000 0000 | 00e9 1d00 | 0000 4c8b | 4424 5041 | 8b78 0849 | ba00 0000 
  0x000001230aac96ac: 2523 0100 | 0049 03fa | 488b 7f70 | 488b 3f4c | 8bc0 488b | c248 8bd0 

  0x000001230aac96c4: ;   {optimized virtual_call}
  0x000001230aac96c4: 6666 90e8 

  0x000001230aac96c8: ; ImmutableOopMap {[88]=Oop [72]=Oop [80]=Oop }
                      ;*invokevirtual checkAccess {reexecute=0 rethrow=0 return_oop=0}
                      ; - java.lang.reflect.Method::invoke@39 (line 560)
  0x000001230aac96c8: b4cc e7ff | 488b 5424 | 488b 724c | 48c1 e603 | 4883 fe00 | 0f85 0d00 | 0000 0f1f 

  0x000001230aac96e4: ;   {optimized virtual_call}
  0x000001230aac96e4: 4400 00e8 

  0x000001230aac96e8: ; ImmutableOopMap {[88]=Oop [80]=Oop }
                      ;*invokevirtual acquireMethodAccessor {reexecute=0 rethrow=0 return_oop=0}
                      ; - java.lang.reflect.Method::invoke@52 (line 566)
  0x000001230aac96e8: d900 0000 | 488b f04c | 8b4c 2458 | 4c8b 4424 | 5048 8bd6 | 9048 b880 | 951c 2523 

  0x000001230aac9704: ;   {virtual_call}
  0x000001230aac9704: 0100 00e8 

  0x000001230aac9708: ; ImmutableOopMap {}
                      ;*invokeinterface invoke {reexecute=0 rethrow=0 return_oop=0}
                      ; - java.lang.reflect.Method::invoke@59 (line 568)
  0x000001230aac9708: 9459 ffff | 4883 c470 

  0x000001230aac9710: ;   {poll_return}
  0x000001230aac9710: 5d49 3ba7 | 4803 0000 | 0f87 2700 

  0x000001230aac971c: ;   {metadata({method} {0x00000123253c1e88} 'invoke' '(Ljava/lang/Object;[Ljava/lang/Object;)Ljava/lang/Object;' in 'java/lang/reflect/Method')}
  0x000001230aac971c: 0000 c349 | ba80 1e3c | 2523 0100 | 004c 8954 | 2408 48c7 | 0424 ffff 

  0x000001230aac9734: ;   {runtime_call counter_overflow Runtime1 stub}
  0x000001230aac9734: ffff e845 

  0x000001230aac9738: ; ImmutableOopMap {rdx=Oop [72]=Oop r8=Oop [80]=Oop r9=Oop }
                      ;*synchronization entry
                      ; - java.lang.reflect.Method::invoke@-1 (line 558)
  0x000001230aac9738: 33ca 06e9 | f8fe ffff 

  0x000001230aac9740: ;   {runtime_call throw_null_pointer_exception Runtime1 stub}
  0x000001230aac9740: e85b d6c9 

  0x000001230aac9744: ; ImmutableOopMap {[88]=Oop rax=Oop rdx=Oop [72]=Oop r9=Oop r8=Oop [80]=Oop }
                      ;*invokevirtual getClass {reexecute=0 rethrow=0 return_oop=0}
                      ; - java.lang.reflect.Method::invoke@32 (line 561)
                      ;   {internal_word}
  0x000001230aac9744: 0649 ba11 | 97ac 0a23 | 0100 004d | 8997 6003 

  0x000001230aac9754: ;   {runtime_call SafepointBlob}
  0x000001230aac9754: 0000 e9a5 | 9cbf 0690 | 9049 8b87 | e003 0000 | 49c7 87e0 | 0300 0000 | 0000 0049 | c787 e803 
  0x000001230aac9774: 0000 0000 | 0000 4883 

  0x000001230aac977c: ;   {runtime_call unwind_exception Runtime1 stub}
  0x000001230aac977c: c470 5de9 | fcc6 c906 | f4f4 f4f4 | f4f4 f4f4 | f4f4 f4f4 | f4f4 f4f4 | f4f4 f4f4 | f4f4 f4f4 
  0x000001230aac979c: f4f4 f4f4 
[Stub Code]
  0x000001230aac97a0: ;   {no_reloc}
  0x000001230aac97a0: 0f1f 4400 

  0x000001230aac97a4: ;   {static_stub}
  0x000001230aac97a4: 0048 bb00 | 0000 0000 

  0x000001230aac97ac: ;   {runtime_call}
  0x000001230aac97ac: 0000 00e9 | fbff ffff 

  0x000001230aac97b4: ;   {static_stub}
  0x000001230aac97b4: 9048 bb00 | 0000 0000 

  0x000001230aac97bc: ;   {runtime_call}
  0x000001230aac97bc: 0000 00e9 | fbff ffff 

  0x000001230aac97c4: ;   {static_stub}
  0x000001230aac97c4: 9048 bbb8 | 1a3c 2523 

  0x000001230aac97cc: ;   {runtime_call I2C/C2I adapters}
  0x000001230aac97cc: 0100 00e9 | a87f bf06 

  0x000001230aac97d4: ;   {static_stub}
  0x000001230aac97d4: 9048 bb00 | 0000 0000 

  0x000001230aac97dc: ;   {runtime_call}
  0x000001230aac97dc: 0000 00e9 | fbff ffff 
[Exception Handler]
  0x000001230aac97e4: ;   {runtime_call handle_exception_from_callee Runtime1 stub}
  0x000001230aac97e4: e897 ffc9 

  0x000001230aac97e8: ;   {external_word}
  0x000001230aac97e8: 0648 b9c0 | 4341 78fb | 7f00 0048 

  0x000001230aac97f4: ;   {runtime_call}
  0x000001230aac97f4: 83e4 f049 | ba50 310f | 78fb 7f00 | 0041 ffd2 

  0x000001230aac9804: ;   {section_word}
  0x000001230aac9804: f449 ba05 | 98ac 0a23 | 0100 0041 

  0x000001230aac9810: ;   {runtime_call DeoptimizationBlob}
  0x000001230aac9810: 52e9 0a8b | bf06 f4f4 
[/MachCode]


---------------  P R O C E S S  ---------------

Threads class SMR info:
_java_thread_list=0x000001236b490dd0, length=28, elements={
0x0000012324fe75f0, 0x0000012324fe8470, 0x0000012324ffe5d0, 0x000001236a120280,
0x000001236a123050, 0x000001236a123a10, 0x000001236a124e90, 0x000001236a127950,
0x000001236a12b4b0, 0x000001236a225100, 0x000001236a2cdfb0, 0x000001236b8cf9e0,
0x000001236b8d1330, 0x000001236b8ce5a0, 0x000001236b8cfef0, 0x000001236b8d0400,
0x000001236b8cf4d0, 0x000001236b8d0e20, 0x000001236b8d0910, 0x000001236b8d1840,
0x000001236b8ce090, 0x000001236b8ceab0, 0x000001236ba19e00, 0x000001236ba1ad30,
0x000001236ba1a820, 0x000001236ba1dfd0, 0x000001236ba1dac0, 0x000001236ba1e4e0
}

Java Threads: ( => current thread )
  0x0000012324fe75f0 JavaThread "Reference Handler" daemon [_thread_blocked, id=11596, stack(0x0000000361a00000,0x0000000361b00000)]
  0x0000012324fe8470 JavaThread "Finalizer" daemon [_thread_blocked, id=14492, stack(0x0000000361b00000,0x0000000361c00000)]
  0x0000012324ffe5d0 JavaThread "Signal Dispatcher" daemon [_thread_blocked, id=5876, stack(0x0000000361c00000,0x0000000361d00000)]
  0x000001236a120280 JavaThread "Attach Listener" daemon [_thread_blocked, id=9304, stack(0x0000000361d00000,0x0000000361e00000)]
  0x000001236a123050 JavaThread "Service Thread" daemon [_thread_blocked, id=11672, stack(0x0000000361e00000,0x0000000361f00000)]
  0x000001236a123a10 JavaThread "Monitor Deflation Thread" daemon [_thread_blocked, id=15648, stack(0x0000000361f00000,0x0000000362000000)]
  0x000001236a124e90 JavaThread "JVMCI-native CompilerThread0" daemon [_thread_blocked, id=15004, stack(0x0000000362000000,0x0000000362100000)]
  0x000001236a127950 JavaThread "C1 CompilerThread0" daemon [_thread_blocked, id=8464, stack(0x0000000362100000,0x0000000362200000)]
  0x000001236a12b4b0 JavaThread "Sweeper thread" daemon [_thread_blocked, id=11760, stack(0x0000000362200000,0x0000000362300000)]
  0x000001236a225100 JavaThread "Common-Cleaner" daemon [_thread_blocked, id=300, stack(0x0000000362300000,0x0000000362400000)]
  0x000001236a2cdfb0 JavaThread "Notification Thread" daemon [_thread_blocked, id=10788, stack(0x0000000362600000,0x0000000362700000)]
  0x000001236b8cf9e0 JavaThread "Catalina-utility-1" [_thread_blocked, id=13296, stack(0x0000000363300000,0x0000000363400000)]
  0x000001236b8d1330 JavaThread "Catalina-utility-2" [_thread_blocked, id=4204, stack(0x0000000363400000,0x0000000363500000)]
  0x000001236b8ce5a0 JavaThread "container-0" [_thread_blocked, id=14996, stack(0x0000000363500000,0x0000000363600000)]
  0x000001236b8cfef0 JavaThread "spring.cloud.inetutils" daemon [_thread_blocked, id=2616, stack(0x0000000363600000,0x0000000363700000)]
  0x000001236b8d0400 JavaThread "http-nio-8181-exec-1" daemon [_thread_blocked, id=9972, stack(0x0000000363700000,0x0000000363800000)]
  0x000001236b8cf4d0 JavaThread "http-nio-8181-exec-2" daemon [_thread_blocked, id=15824, stack(0x0000000363800000,0x0000000363900000)]
  0x000001236b8d0e20 JavaThread "http-nio-8181-exec-3" daemon [_thread_blocked, id=8212, stack(0x0000000363900000,0x0000000363a00000)]
  0x000001236b8d0910 JavaThread "http-nio-8181-exec-4" daemon [_thread_blocked, id=16948, stack(0x0000000363a00000,0x0000000363b00000)]
  0x000001236b8d1840 JavaThread "http-nio-8181-exec-5" daemon [_thread_blocked, id=7588, stack(0x0000000363b00000,0x0000000363c00000)]
=>0x000001236b8ce090 JavaThread "http-nio-8181-exec-6" daemon [_thread_in_vm, id=11012, stack(0x0000000363c00000,0x0000000363d00000)]
  0x000001236b8ceab0 JavaThread "http-nio-8181-exec-7" daemon [_thread_blocked, id=13580, stack(0x0000000363d00000,0x0000000363e00000)]
  0x000001236ba19e00 JavaThread "http-nio-8181-exec-8" daemon [_thread_blocked, id=17104, stack(0x0000000363e00000,0x0000000363f00000)]
  0x000001236ba1ad30 JavaThread "http-nio-8181-exec-9" daemon [_thread_blocked, id=6488, stack(0x0000000363f00000,0x0000000364000000)]
  0x000001236ba1a820 JavaThread "http-nio-8181-exec-10" daemon [_thread_blocked, id=9524, stack(0x0000000364000000,0x0000000364100000)]
  0x000001236ba1dfd0 JavaThread "http-nio-8181-Poller" daemon [_thread_in_native, id=3608, stack(0x0000000364100000,0x0000000364200000)]
  0x000001236ba1dac0 JavaThread "http-nio-8181-Acceptor" daemon [_thread_in_native, id=8984, stack(0x0000000364200000,0x0000000364300000)]
  0x000001236ba1e4e0 JavaThread "DestroyJavaVM" [_thread_blocked, id=14020, stack(0x0000000361300000,0x0000000361400000)]

Other Threads:
  0x0000012324fe1d20 VMThread "VM Thread" [stack: 0x0000000361900000,0x0000000361a00000] [id=13352]
  0x000001237f430560 WatcherThread [stack: 0x0000000362700000,0x0000000362800000] [id=4860]
  0x000001237f418dd0 GCTaskThread "GC Thread#0" [stack: 0x0000000361400000,0x0000000361500000] [id=12992]
  0x000001236a9e2fc0 GCTaskThread "GC Thread#1" [stack: 0x0000000362800000,0x0000000362900000] [id=6268]
  0x000001236aa12c20 GCTaskThread "GC Thread#2" [stack: 0x0000000362900000,0x0000000362a00000] [id=3644]
  0x000001236aa12ee0 GCTaskThread "GC Thread#3" [stack: 0x0000000362a00000,0x0000000362b00000] [id=4368]
  0x000001236aa131a0 GCTaskThread "GC Thread#4" [stack: 0x0000000362b00000,0x0000000362c00000] [id=17080]
  0x000001236aa142a0 GCTaskThread "GC Thread#5" [stack: 0x0000000362c00000,0x0000000362d00000] [id=15964]
  0x000001236aa581d0 GCTaskThread "GC Thread#6" [stack: 0x0000000362d00000,0x0000000362e00000] [id=11060]
  0x000001236aa576d0 GCTaskThread "GC Thread#7" [stack: 0x0000000362e00000,0x0000000362f00000] [id=14988]
  0x000001236aa58750 GCTaskThread "GC Thread#8" [stack: 0x0000000363000000,0x0000000363100000] [id=9084]
  0x000001236aa57c50 GCTaskThread "GC Thread#9" [stack: 0x0000000363100000,0x0000000363200000] [id=16992]
  0x000001237f429af0 ConcurrentGCThread "G1 Main Marker" [stack: 0x0000000361500000,0x0000000361600000] [id=2140]
  0x000001237f42a500 ConcurrentGCThread "G1 Conc#0" [stack: 0x0000000361600000,0x0000000361700000] [id=11552]
  0x000001236aa57990 ConcurrentGCThread "G1 Conc#1" [stack: 0x0000000362f00000,0x0000000363000000] [id=11344]
  0x000001236aa58f90 ConcurrentGCThread "G1 Conc#2" [stack: 0x0000000363200000,0x0000000363300000] [id=12248]
  0x000001237f46eac0 ConcurrentGCThread "G1 Refine#0" [stack: 0x0000000361700000,0x0000000361800000] [id=16932]
  0x0000012324e9d690 ConcurrentGCThread "G1 Service" [stack: 0x0000000361800000,0x0000000361900000] [id=11036]

Threads with active compile tasks:

VM state: not at safepoint (normal execution)

VM Mutex/Monitor currently owned by a thread: None

Heap address: 0x0000000702200000, size: 4062 MB, Compressed Oops mode: Zero based, Oop shift amount: 3

CDS archive(s) mapped at: [0x0000012325000000-0x0000012325bd0000-0x0000012325bd0000), size 12386304, SharedBaseAddress: 0x0000012325000000, ArchiveRelocationMode: 1.
Compressed class space mapped at: 0x0000012326000000-0x0000012366000000, reserved size: 1073741824
Narrow klass base: 0x0000012325000000, Narrow klass shift: 0, Narrow klass range: 0x100000000

GC Precious Log:
 CPUs: 12 total, 12 available
 Memory: 16241M
 Large Page Support: Disabled
 NUMA Support: Disabled
 Compressed Oops: Enabled (Zero based)
 Heap Region Size: 2M
 Heap Min Capacity: 8M
 Heap Initial Capacity: 254M
 Heap Max Capacity: 4062M
 Pre-touch: Disabled
 Parallel Workers: 10
 Concurrent Workers: 3
 Concurrent Refinement Workers: 10
 Periodic GC: Disabled

Heap:
 garbage-first heap   total 61440K, used 25442K [0x0000000702200000, 0x0000000800000000)
  region size 2048K, 7 young (14336K), 2 survivors (4096K)
 Metaspace       used 38253K, committed 38656K, reserved 1114112K
  class space    used 4742K, committed 4928K, reserved 1048576K

Heap Regions: E=young(eden), S=young(survivor), O=old, HS=humongous(starts), HC=humongous(continues), CS=collection set, F=free, OA=open archive, CA=closed archive, TAMS=top-at-mark-start (previous, next)
|   0|0x0000000702200000, 0x0000000702400000, 0x0000000702400000|100%| O|  |TAMS 0x0000000702400000, 0x0000000702200000| Untracked 
|   1|0x0000000702400000, 0x0000000702600000, 0x0000000702600000|100%| O|  |TAMS 0x0000000702600000, 0x0000000702400000| Untracked 
|   2|0x0000000702600000, 0x0000000702800000, 0x0000000702800000|100%| O|  |TAMS 0x0000000702800000, 0x0000000702600000| Untracked 
|   3|0x0000000702800000, 0x0000000702800000, 0x0000000702a00000|  0%| F|  |TAMS 0x0000000702800000, 0x0000000702800000| Untracked 
|   4|0x0000000702a00000, 0x0000000702c00000, 0x0000000702c00000|100%| O|  |TAMS 0x0000000702c00000, 0x0000000702a00000| Untracked 
|   5|0x0000000702c00000, 0x0000000702e00000, 0x0000000702e00000|100%| O|  |TAMS 0x0000000702e00000, 0x0000000702c00000| Untracked 
|   6|0x0000000702e00000, 0x0000000703000000, 0x0000000703000000|100%| O|  |TAMS 0x0000000703000000, 0x0000000702e00000| Untracked 
|   7|0x0000000703000000, 0x0000000703200000, 0x0000000703200000|100%| O|  |TAMS 0x0000000703200000, 0x0000000703000000| Untracked 
|   8|0x0000000703200000, 0x00000007032d9200, 0x0000000703400000| 42%| O|  |TAMS 0x000000070329bc00, 0x0000000703200000| Untracked 
|   9|0x0000000703400000, 0x0000000703400000, 0x0000000703600000|  0%| F|  |TAMS 0x0000000703400000, 0x0000000703400000| Untracked 
|  10|0x0000000703600000, 0x0000000703600000, 0x0000000703800000|  0%| F|  |TAMS 0x0000000703600000, 0x0000000703600000| Untracked 
|  11|0x0000000703800000, 0x0000000703800000, 0x0000000703a00000|  0%| F|  |TAMS 0x0000000703800000, 0x0000000703800000| Untracked 
|  12|0x0000000703a00000, 0x0000000703a00000, 0x0000000703c00000|  0%| F|  |TAMS 0x0000000703a00000, 0x0000000703a00000| Untracked 
|  13|0x0000000703c00000, 0x0000000703c00000, 0x0000000703e00000|  0%| F|  |TAMS 0x0000000703c00000, 0x0000000703c00000| Untracked 
|  14|0x0000000703e00000, 0x0000000703e00000, 0x0000000704000000|  0%| F|  |TAMS 0x0000000703e00000, 0x0000000703e00000| Untracked 
|  15|0x0000000704000000, 0x0000000704000000, 0x0000000704200000|  0%| F|  |TAMS 0x0000000704000000, 0x0000000704000000| Untracked 
|  16|0x0000000704200000, 0x0000000704200000, 0x0000000704400000|  0%| F|  |TAMS 0x0000000704200000, 0x0000000704200000| Untracked 
|  17|0x0000000704400000, 0x00000007045ff960, 0x0000000704600000| 99%| S|CS|TAMS 0x0000000704400000, 0x0000000704400000| Complete 
|  18|0x0000000704600000, 0x0000000704800000, 0x0000000704800000|100%| S|CS|TAMS 0x0000000704600000, 0x0000000704600000| Complete 
|  19|0x0000000704800000, 0x0000000704800000, 0x0000000704a00000|  0%| F|  |TAMS 0x0000000704800000, 0x0000000704800000| Untracked 
|  20|0x0000000704a00000, 0x0000000704a00000, 0x0000000704c00000|  0%| F|  |TAMS 0x0000000704a00000, 0x0000000704a00000| Untracked 
|  21|0x0000000704c00000, 0x0000000704c00000, 0x0000000704e00000|  0%| F|  |TAMS 0x0000000704c00000, 0x0000000704c00000| Untracked 
|  22|0x0000000704e00000, 0x0000000704e00000, 0x0000000705000000|  0%| F|  |TAMS 0x0000000704e00000, 0x0000000704e00000| Untracked 
|  23|0x0000000705000000, 0x0000000705000000, 0x0000000705200000|  0%| F|  |TAMS 0x0000000705000000, 0x0000000705000000| Untracked 
|  24|0x0000000705200000, 0x0000000705200000, 0x0000000705400000|  0%| F|  |TAMS 0x0000000705200000, 0x0000000705200000| Untracked 
|  90|0x000000070d600000, 0x000000070d724a28, 0x000000070d800000| 57%| E|  |TAMS 0x000000070d600000, 0x000000070d600000| Complete 
|  91|0x000000070d800000, 0x000000070da00000, 0x000000070da00000|100%| E|CS|TAMS 0x000000070d800000, 0x000000070d800000| Complete 
|  92|0x000000070da00000, 0x000000070dc00000, 0x000000070dc00000|100%| E|CS|TAMS 0x000000070da00000, 0x000000070da00000| Complete 
|  93|0x000000070dc00000, 0x000000070de00000, 0x000000070de00000|100%| E|  |TAMS 0x000000070dc00000, 0x000000070dc00000| Complete 
| 126|0x0000000711e00000, 0x0000000712000000, 0x0000000712000000|100%| E|CS|TAMS 0x0000000711e00000, 0x0000000711e00000| Complete 

Card table byte_map: [0x00000123199c0000,0x000001231a1b0000] _byte_map_base: 0x00000123161af000

Marking Bits (Prev, Next): (CMBitMap*) 0x000001237f4193f0, (CMBitMap*) 0x000001237f419430
 Prev Bits: [0x000001231a9a0000, 0x000001231e918000)
 Next Bits: [0x000001231e920000, 0x0000012322898000)

Polling page: 0x000001237d2f0000

Metaspace:

Usage:
  Non-class:     32.73 MB used.
      Class:      4.63 MB used.
       Both:     37.36 MB used.

Virtual space:
  Non-class space:       64.00 MB reserved,      32.94 MB ( 51%) committed,  1 nodes.
      Class space:        1.00 GB reserved,       4.81 MB ( <1%) committed,  1 nodes.
             Both:        1.06 GB reserved,      37.75 MB (  3%) committed. 

Chunk freelists:
   Non-Class:  14.81 MB
       Class:  11.14 MB
        Both:  25.95 MB

MaxMetaspaceSize: unlimited
CompressedClassSpaceSize: 1.00 GB
Initial GC threshold: 21.00 MB
Current GC threshold: 59.31 MB
CDS: on
MetaspaceReclaimPolicy: balanced
 - commit_granule_bytes: 65536.
 - commit_granule_words: 8192.
 - virtual_space_node_default_size: 8388608.
 - enlarge_chunks_in_place: 1.
 - new_chunks_are_fully_committed: 0.
 - uncommit_free_chunks: 1.
 - use_allocation_guard: 0.
 - handle_deallocations: 1.


Internal statistics:

num_allocs_failed_limit: 6.
num_arena_births: 596.
num_arena_deaths: 0.
num_vsnodes_births: 2.
num_vsnodes_deaths: 0.
num_space_committed: 604.
num_space_uncommitted: 0.
num_chunks_returned_to_freelist: 6.
num_chunks_taken_from_freelist: 1882.
num_chunk_merges: 0.
num_chunk_splits: 1297.
num_chunks_enlarged: 949.
num_inconsistent_stats: 0.

CodeHeap 'non-profiled nmethods': size=119488Kb used=1530Kb max_used=1530Kb free=117957Kb
 bounds [0x0000012311d20000, 0x0000012311f90000, 0x00000123191d0000]
CodeHeap 'profiled nmethods': size=119424Kb used=9431Kb max_used=9431Kb free=109993Kb
 bounds [0x000001230a1d0000, 0x000001230ab10000, 0x0000012311670000]
CodeHeap 'non-nmethods': size=6848Kb used=1260Kb max_used=2382Kb free=5587Kb
 bounds [0x0000012311670000, 0x00000123118e0000, 0x0000012311d20000]
 total_blobs=5359 nmethods=4791 adapters=477
 compilation: enabled
              stopped_count=0, restarted_count=0
 full_count=0

JVMCI Events (20 events):
Event: 16.134 Thread 0x000001236a124e90 initializing JVMCI runtime 0
Event: 16.134 Thread 0x000001236a124e90 done waiting for JavaVM references initialization in JVMCI runtime 0
Event: 16.135 Thread 0x000001236a124e90 initialized JVMCI runtime 0
Event: 17.158 Thread 0x000001236a124e90 detaching from JVMCI runtime 0: releasing idle compiler thread (0 other threads still attached)
Event: 17.158 Thread 0x000001236a124e90 shutting down HotSpotJVMCIRuntime for JVMCI runtime 0
Event: 17.158 Thread 0x000001236a124e90 shut down JVMCI runtime 0
Event: 17.159 Thread 0x000001236a124e90 destroyed JavaVM[4]@0x0000012380b33940 for JVMCI runtime 0
Event: 17.159 Thread 0x000001236a124e90 releasing handles for JVMCI runtime 0: oop handles=73, metadata handles={total=96, live=89, blocks=24}
Event: 17.159 Thread 0x000001236a124e90 detached from JVMCI runtime 0
Event: 18.046 Thread 0x000001236a124e90 attached to JVMCI runtime 0
Event: 18.048 Thread 0x000001236a124e90 created JavaVM[5]@0x0000012380b33940 for JVMCI runtime 0
Event: 18.048 Thread 0x000001236a124e90 initializing JVMCI runtime 0
Event: 18.048 Thread 0x000001236a124e90 done waiting for JavaVM references initialization in JVMCI runtime 0
Event: 18.048 Thread 0x000001236a124e90 initialized JVMCI runtime 0
Event: 19.066 Thread 0x000001236a124e90 detaching from JVMCI runtime 0: releasing idle compiler thread (0 other threads still attached)
Event: 19.066 Thread 0x000001236a124e90 shutting down HotSpotJVMCIRuntime for JVMCI runtime 0
Event: 19.066 Thread 0x000001236a124e90 shut down JVMCI runtime 0
Event: 19.069 Thread 0x000001236a124e90 destroyed JavaVM[5]@0x0000012380b33940 for JVMCI runtime 0
Event: 19.069 Thread 0x000001236a124e90 releasing handles for JVMCI runtime 0: oop handles=64, metadata handles={total=93, live=82, blocks=24}
Event: 19.069 Thread 0x000001236a124e90 detached from JVMCI runtime 0

Compilation events (20 events):
Event: 14.151 Thread 0x000001236a124e90 4747       4       jdk.internal.misc.Unsafe::allocateUninitializedArray0 (90 bytes)
Event: 14.153 Thread 0x000001236a124e90 nmethod 4747 0x0000012311e9c690 code [0x0000012311e9c820, 0x0000012311e9ca18]
Event: 14.153 Thread 0x000001236a124e90 4724       4       jdk.internal.loader.URLClassPath$JarLoader::findResource (18 bytes)
Event: 14.158 Thread 0x000001236a124e90 nmethod 4724 0x0000012311e9cb10 code [0x0000012311e9cca0, 0x0000012311e9cdb0]
Event: 14.158 Thread 0x000001236a124e90 4719   !   4       java.util.zip.Inflater::inflate (418 bytes)
Event: 14.163 Thread 0x000001236a124e90 nmethod 4719 0x0000012311e9d010 code [0x0000012311e9d1c0, 0x0000012311e9d780]
Event: 14.163 Thread 0x000001236a124e90 4716       4       java.io.File::isInvalid (47 bytes)
Event: 14.165 Thread 0x000001236a124e90 nmethod 4716 0x0000012311e9da90 code [0x0000012311e9dc20, 0x0000012311e9dfa0]
Event: 16.131 Thread 0x000001236a124e90 4789       4       java.util.Collections$UnmodifiableCollection$1::hasNext (10 bytes)
Event: 16.154 Thread 0x000001236a124e90 nmethod 4789 0x0000012311e9e110 code [0x0000012311e9e2a0, 0x0000012311e9e3e8]
Event: 18.046 Thread 0x000001236a127950 4790       3       java.util.logging.Logger::isLoggable (27 bytes)
Event: 18.046 Thread 0x000001236a124e90 4791       4       java.nio.ByteBuffer::position (8 bytes)
Event: 18.046 Thread 0x000001236a127950 nmethod 4790 0x000001230ab04a90 code [0x000001230ab04c40, 0x000001230ab04e18]
Event: 18.046 Thread 0x000001236a127950 4792       3       org.apache.tomcat.util.buf.Ascii::toLower (14 bytes)
Event: 18.047 Thread 0x000001236a127950 nmethod 4792 0x000001230ab04f10 code [0x000001230ab050a0, 0x000001230ab051b8]
Event: 18.053 Thread 0x000001236a124e90 nmethod 4791 0x0000012311e9e510 code [0x0000012311e9e680, 0x0000012311e9e778]
Event: 18.054 Thread 0x000001236a124e90 4793       4       java.lang.ref.Cleaner$1::apply (9 bytes)
Event: 18.055 Thread 0x000001236a124e90 nmethod 4793 0x0000012311e9e810 code [0x0000012311e9e980, 0x0000012311e9ea60]
Event: 20.057 Thread 0x000001236a127950 4794       3       java.util.concurrent.locks.AbstractQueuedSynchronizer::release (19 bytes)
Event: 20.057 Thread 0x000001236a127950 nmethod 4794 0x000001230ab05290 code [0x000001230ab05480, 0x000001230ab05a68]

GC Heap History (14 events):
Event: 0.327 GC heap before
{Heap before GC invocations=0 (full 0):
 garbage-first heap   total 260096K, used 20480K [0x0000000702200000, 0x0000000800000000)
  region size 2048K, 11 young (22528K), 0 survivors (0K)
 Metaspace       used 4577K, committed 4736K, reserved 1114112K
  class space    used 487K, committed 576K, reserved 1048576K
}
Event: 0.329 GC heap after
{Heap after GC invocations=1 (full 0):
 garbage-first heap   total 260096K, used 6512K [0x0000000702200000, 0x0000000800000000)
  region size 2048K, 2 young (4096K), 2 survivors (4096K)
 Metaspace       used 4577K, committed 4736K, reserved 1114112K
  class space    used 487K, committed 576K, reserved 1048576K
}
Event: 0.633 GC heap before
{Heap before GC invocations=1 (full 0):
 garbage-first heap   total 260096K, used 31088K [0x0000000702200000, 0x0000000800000000)
  region size 2048K, 14 young (28672K), 2 survivors (4096K)
 Metaspace       used 10222K, committed 10432K, reserved 1114112K
  class space    used 1228K, committed 1344K, reserved 1048576K
}
Event: 0.635 GC heap after
{Heap after GC invocations=2 (full 0):
 garbage-first heap   total 260096K, used 7944K [0x0000000702200000, 0x0000000800000000)
  region size 2048K, 1 young (2048K), 1 survivors (2048K)
 Metaspace       used 10222K, committed 10432K, reserved 1114112K
  class space    used 1228K, committed 1344K, reserved 1048576K
}
Event: 1.035 GC heap before
{Heap before GC invocations=2 (full 0):
 garbage-first heap   total 260096K, used 71432K [0x0000000702200000, 0x0000000800000000)
  region size 2048K, 33 young (67584K), 1 survivors (2048K)
 Metaspace       used 21209K, committed 21504K, reserved 1114112K
  class space    used 2598K, committed 2752K, reserved 1048576K
}
Event: 1.039 GC heap after
{Heap after GC invocations=3 (full 0):
 garbage-first heap   total 260096K, used 14436K [0x0000000702200000, 0x0000000800000000)
  region size 2048K, 4 young (8192K), 4 survivors (8192K)
 Metaspace       used 21209K, committed 21504K, reserved 1114112K
  class space    used 2598K, committed 2752K, reserved 1048576K
}
Event: 1.435 GC heap before
{Heap before GC invocations=4 (full 0):
 garbage-first heap   total 61440K, used 43108K [0x0000000702200000, 0x0000000800000000)
  region size 2048K, 18 young (36864K), 4 survivors (8192K)
 Metaspace       used 27953K, committed 28288K, reserved 1114112K
  class space    used 3429K, committed 3584K, reserved 1048576K
}
Event: 1.440 GC heap after
{Heap after GC invocations=5 (full 0):
 garbage-first heap   total 61440K, used 15409K [0x0000000702200000, 0x0000000800000000)
  region size 2048K, 2 young (4096K), 2 survivors (4096K)
 Metaspace       used 27953K, committed 28288K, reserved 1114112K
  class space    used 3429K, committed 3584K, reserved 1048576K
}
Event: 1.468 GC heap before
{Heap before GC invocations=5 (full 0):
 garbage-first heap   total 61440K, used 17457K [0x0000000702200000, 0x0000000800000000)
  region size 2048K, 3 young (6144K), 2 survivors (4096K)
 Metaspace       used 28355K, committed 28672K, reserved 1114112K
  class space    used 3476K, committed 3648K, reserved 1048576K
}
Event: 1.471 GC heap after
{Heap after GC invocations=6 (full 0):
 garbage-first heap   total 61440K, used 15584K [0x0000000702200000, 0x0000000800000000)
  region size 2048K, 1 young (2048K), 1 survivors (2048K)
 Metaspace       used 28355K, committed 28672K, reserved 1114112K
  class space    used 3476K, committed 3648K, reserved 1048576K
}
Event: 1.776 GC heap before
{Heap before GC invocations=6 (full 0):
 garbage-first heap   total 61440K, used 38112K [0x0000000702200000, 0x0000000800000000)
  region size 2048K, 13 young (26624K), 1 survivors (2048K)
 Metaspace       used 32824K, committed 33216K, reserved 1114112K
  class space    used 4045K, committed 4224K, reserved 1048576K
}
Event: 1.778 GC heap after
{Heap after GC invocations=7 (full 0):
 garbage-first heap   total 61440K, used 17197K [0x0000000702200000, 0x0000000800000000)
  region size 2048K, 2 young (4096K), 2 survivors (4096K)
 Metaspace       used 32824K, committed 33216K, reserved 1114112K
  class space    used 4045K, committed 4224K, reserved 1048576K
}
Event: 2.044 GC heap before
{Heap before GC invocations=7 (full 0):
 garbage-first heap   total 61440K, used 37677K [0x0000000702200000, 0x0000000800000000)
  region size 2048K, 13 young (26624K), 2 survivors (4096K)
 Metaspace       used 35835K, committed 36288K, reserved 1114112K
  class space    used 4430K, committed 4672K, reserved 1048576K
}
Event: 2.046 GC heap after
{Heap after GC invocations=8 (full 0):
 garbage-first heap   total 61440K, used 19298K [0x0000000702200000, 0x0000000800000000)
  region size 2048K, 2 young (4096K), 2 survivors (4096K)
 Metaspace       used 35835K, committed 36288K, reserved 1114112K
  class space    used 4430K, committed 4672K, reserved 1048576K
}

Deoptimization events (20 events):
Event: 1.996 Thread 0x000001237f3a7ce0 Uncommon trap: trap_request=0xffffffed fr.pc=0x0000012311dea83a relative=0x000000000000021a
Event: 1.996 Thread 0x000001237f3a7ce0 Uncommon trap: reason=null_assert_or_unreached0 action=reinterpret pc=0x0000012311dea83a method=java.lang.String.indexOf([BBILjava/lang/String;I)I @ 0 jvmci
Event: 1.996 Thread 0x000001237f3a7ce0 DEOPT PACKING pc=0x0000012311dea83a sp=0x00000003613fb370
Event: 1.996 Thread 0x000001237f3a7ce0 DEOPT UNPACKING pc=0x00000123116c2945 sp=0x00000003613fa800 mode 3
Event: 1.998 Thread 0x000001237f3a7ce0 DEOPT PACKING pc=0x000001230aa99484 sp=0x00000003613fcfb0
Event: 1.998 Thread 0x000001237f3a7ce0 DEOPT UNPACKING pc=0x00000123116c2945 sp=0x00000003613fc468 mode 0
Event: 2.028 Thread 0x000001237f3a7ce0 Uncommon trap: trap_request=0xffffffed fr.pc=0x0000012311e78b32 relative=0x0000000000001a52
Event: 2.028 Thread 0x000001237f3a7ce0 Uncommon trap: reason=null_assert_or_unreached0 action=reinterpret pc=0x0000012311e78b32 method=org.springframework.core.annotation.AnnotationsScanner.isKnownEmpty(Ljava/lang/reflect/AnnotatedElement;Lorg/springframework/core/annotation/MergedAnnotations$
Event: 2.028 Thread 0x000001237f3a7ce0 DEOPT PACKING pc=0x0000012311e78b32 sp=0x00000003613fe6f0
Event: 2.028 Thread 0x000001237f3a7ce0 DEOPT UNPACKING pc=0x00000123116c2945 sp=0x00000003613fda88 mode 3
Event: 2.075 Thread 0x000001237f3a7ce0 DEOPT PACKING pc=0x000001230aae8f56 sp=0x00000003613fe790
Event: 2.075 Thread 0x000001237f3a7ce0 DEOPT UNPACKING pc=0x00000123116c2945 sp=0x00000003613fdc68 mode 0
Event: 14.028 Thread 0x000001236b8d0400 Uncommon trap: trap_request=0xffffffed fr.pc=0x0000012311dc5c85 relative=0x00000000000016c5
Event: 14.028 Thread 0x000001236b8d0400 Uncommon trap: reason=null_assert_or_unreached0 action=reinterpret pc=0x0000012311dc5c85 method=java.util.Properties$LineReader.readLine()I @ 115 jvmci
Event: 14.028 Thread 0x000001236b8d0400 DEOPT PACKING pc=0x0000012311dc5c85 sp=0x00000003637fdb30
Event: 14.028 Thread 0x000001236b8d0400 DEOPT UNPACKING pc=0x00000123116c2945 sp=0x00000003637fcff0 mode 3
Event: 14.105 Thread 0x000001236b8d0400 Uncommon trap: trap_request=0xffffffed fr.pc=0x0000012311db2ff5 relative=0x0000000000000175
Event: 14.105 Thread 0x000001236b8d0400 Uncommon trap: reason=null_assert_or_unreached0 action=reinterpret pc=0x0000012311db2ff5 method=java.lang.Integer.stringSize(I)I @ 0 jvmci
Event: 14.106 Thread 0x000001236b8d0400 DEOPT PACKING pc=0x0000012311db2ff5 sp=0x00000003637fc610
Event: 14.106 Thread 0x000001236b8d0400 DEOPT UNPACKING pc=0x00000123116c2945 sp=0x00000003637fbaa0 mode 3

Classes unloaded (0 events):
No events

Classes redefined (0 events):
No events

Internal exceptions (20 events):
Event: 1.899 Thread 0x000001237f3a7ce0 Exception <a 'java/lang/IncompatibleClassChangeError'{0x000000070d718cd8}: Found class java.lang.Object, but interface was expected> (0x000000070d718cd8) 
thrown [s\open\src\hotspot\share\interpreter\linkResolver.cpp, line 826]
Event: 1.906 Thread 0x000001237f3a7ce0 Implicit null exception at 0x0000012311e5a9de to 0x0000012311e5ab4e
Event: 1.915 Thread 0x000001237f3a7ce0 Exception <a 'java/lang/NoSuchMethodError'{0x00000007052538d8}: 'void java.lang.invoke.DirectMethodHandle$Holder.invokeVirtual(java.lang.Object, java.lang.Object, long)'> (0x00000007052538d8) 
thrown [s\open\src\hotspot\share\interpreter\linkResolver.cpp, line 759]
Event: 1.954 Thread 0x000001237f3a7ce0 Exception <a 'java/lang/NoSuchMethodError'{0x0000000705196928}: 'int java.lang.invoke.DirectMethodHandle$Holder.invokeStaticInit(java.lang.Object, java.lang.Object, java.lang.Object, java.lang.Object)'> (0x0000000705196928) 
thrown [s\open\src\hotspot\share\interpreter\linkResolver.cpp, line 759]
Event: 2.034 Thread 0x000001237f3a7ce0 Exception <a 'java/lang/NoSuchMethodError'{0x0000000704ab9730}: 'java.lang.Object java.lang.invoke.DirectMethodHandle$Holder.newInvokeSpecial(java.lang.Object, java.lang.Object, int, java.lang.Object, java.lang.Object)'> (0x0000000704ab9730) 
thrown [s\open\src\hotspot\share\interpreter\linkResolver.cpp, line 759]
Event: 2.035 Thread 0x000001237f3a7ce0 Exception <a 'java/lang/NoSuchMethodError'{0x0000000704ac4da8}: 'java.lang.Object java.lang.invoke.DirectMethodHandle$Holder.invokeSpecial(java.lang.Object, java.lang.Object, int, java.lang.Object, int, java.lang.Object)'> (0x0000000704ac4da8) 
thrown [s\open\src\hotspot\share\interpreter\linkResolver.cpp, line 759]
Event: 2.035 Thread 0x000001237f3a7ce0 Exception <a 'java/lang/NoSuchMethodError'{0x0000000704accd50}: 'java.lang.Object java.lang.invoke.DirectMethodHandle$Holder.newInvokeSpecial(java.lang.Object, java.lang.Object, int, java.lang.Object, int)'> (0x0000000704accd50) 
thrown [s\open\src\hotspot\share\interpreter\linkResolver.cpp, line 759]
Event: 2.035 Thread 0x000001237f3a7ce0 Exception <a 'java/lang/NoSuchMethodError'{0x0000000704ad1090}: 'java.lang.Object java.lang.invoke.DirectMethodHandle$Holder.invokeSpecial(java.lang.Object, java.lang.Object, java.lang.Object, int, java.lang.Object, int)'> (0x0000000704ad1090) 
thrown [s\open\src\hotspot\share\interpreter\linkResolver.cpp, line 759]
Event: 14.010 Thread 0x000001236b8d0400 Exception <a 'java/lang/NoSuchMethodError'{0x000000070dd0ea50}: 'java.lang.Object java.lang.invoke.DirectMethodHandle$Holder.invokeSpecial(java.lang.Object, java.lang.Object, java.lang.Object, java.lang.Object, java.lang.Object, long)'> (0x000000070dd0ea50) 
thrown [s\open\src\hotspot\share\interpreter\linkResolver.cpp, line 759]
Event: 14.010 Thread 0x000001236b8d0400 Exception <a 'java/lang/NoSuchMethodError'{0x000000070dd12490}: 'java.lang.Object java.lang.invoke.Invokers$Holder.linkToTargetMethod(java.lang.Object, java.lang.Object, java.lang.Object, long, java.lang.Object)'> (0x000000070dd12490) 
thrown [s\open\src\hotspot\share\interpreter\linkResolver.cpp, line 759]
Event: 20.149 Thread 0x000001236b8ce090 Exception <a 'java/lang/NoSuchFieldError'{0x000000070d7027e8}: com.digitalpersona.uareu.jni.Dpfpdd$IntReference.m_data [B> (0x000000070d7027e8) 
thrown [s\open\src\hotspot\share\prims\jni.cpp, line 1771]
Event: 20.150 Thread 0x000001236b8ce090 Exception <a 'java/lang/NoSuchFieldError'{0x000000070d702dc8}: com.digitalpersona.uareu.jni.Dpfpdd$IntReference.cbeff_id I> (0x000000070d702dc8) 
thrown [s\open\src\hotspot\share\prims\jni.cpp, line 1771]
Event: 20.150 Thread 0x000001236b8ce090 Exception <a 'java/lang/NoSuchFieldError'{0x000000070d7033b0}: com.digitalpersona.uareu.jni.Dpfpdd$IntReference.capture_device_id I> (0x000000070d7033b0) 
thrown [s\open\src\hotspot\share\prims\jni.cpp, line 1771]
Event: 20.150 Thread 0x000001236b8ce090 Exception <a 'java/lang/NoSuchFieldError'{0x000000070d703998}: com.digitalpersona.uareu.jni.Dpfpdd$IntReference.acquisition_level I> (0x000000070d703998) 
thrown [s\open\src\hotspot\share\prims\jni.cpp, line 1771]
Event: 20.150 Thread 0x000001236b8ce090 Exception <a 'java/lang/NoSuchFieldError'{0x000000070d703f78}: com.digitalpersona.uareu.jni.Dpfpdd$IntReference.scale_units I> (0x000000070d703f78) 
thrown [s\open\src\hotspot\share\prims\jni.cpp, line 1771]
Event: 20.150 Thread 0x000001236b8ce090 Exception <a 'java/lang/NoSuchFieldError'{0x000000070d704560}: com.digitalpersona.uareu.jni.Dpfpdd$IntReference.scan_resolution I> (0x000000070d704560) 
thrown [s\open\src\hotspot\share\prims\jni.cpp, line 1771]
Event: 20.150 Thread 0x000001236b8ce090 Exception <a 'java/lang/NoSuchFieldError'{0x000000070d704b48}: com.digitalpersona.uareu.jni.Dpfpdd$IntReference.image_resolution I> (0x000000070d704b48) 
thrown [s\open\src\hotspot\share\prims\jni.cpp, line 1771]
Event: 20.150 Thread 0x000001236b8ce090 Exception <a 'java/lang/NoSuchFieldError'{0x000000070d705120}: com.digitalpersona.uareu.jni.Dpfpdd$IntReference.bpp I> (0x000000070d705120) 
thrown [s\open\src\hotspot\share\prims\jni.cpp, line 1771]
Event: 20.150 Thread 0x000001236b8ce090 Exception <a 'java/lang/NoSuchFieldError'{0x000000070d705700}: com.digitalpersona.uareu.jni.Dpfpdd$IntReference.compression I> (0x000000070d705700) 
thrown [s\open\src\hotspot\share\prims\jni.cpp, line 1771]
Event: 20.150 Thread 0x000001236b8ce090 Exception <a 'java/lang/NoSuchFieldError'{0x000000070d705d10}: com.digitalpersona.uareu.jni.Dpfpdd$IntReference.m_views [Lcom/digitalpersona/uareu/dpfpdd/FidImpl$FivImpl;> (0x000000070d705d10) 
thrown [s\open\src\hotspot\share\prims\jni.cpp, line 1771]

VM Operations (20 events):
Event: 2.053 Executing VM operation: G1Concurrent
Event: 2.055 Executing VM operation: G1Concurrent done
Event: 2.058 Executing VM operation: G1Concurrent
Event: 2.058 Executing VM operation: G1Concurrent done
Event: 3.059 Executing VM operation: Cleanup
Event: 3.060 Executing VM operation: Cleanup done
Event: 14.016 Executing VM operation: HandshakeAllThreads
Event: 14.016 Executing VM operation: HandshakeAllThreads done
Event: 14.016 Executing VM operation: Cleanup
Event: 14.016 Executing VM operation: Cleanup done
Event: 14.020 Executing VM operation: HandshakeAllThreads
Event: 14.020 Executing VM operation: HandshakeAllThreads done
Event: 14.066 Executing VM operation: HandshakeAllThreads
Event: 14.066 Executing VM operation: HandshakeAllThreads done
Event: 14.088 Executing VM operation: HandshakeAllThreads
Event: 14.088 Executing VM operation: HandshakeAllThreads done
Event: 15.088 Executing VM operation: Cleanup
Event: 15.088 Executing VM operation: Cleanup done
Event: 18.124 Executing VM operation: Cleanup
Event: 18.124 Executing VM operation: Cleanup done

Events (20 events):
Event: 14.012 loading class sun/nio/cs/ThreadLocalCoders
Event: 14.012 loading class sun/nio/cs/ThreadLocalCoders done
Event: 14.012 loading class sun/nio/cs/ThreadLocalCoders$1
Event: 14.012 loading class sun/nio/cs/ThreadLocalCoders$Cache
Event: 14.012 loading class sun/nio/cs/ThreadLocalCoders$Cache done
Event: 14.012 loading class sun/nio/cs/ThreadLocalCoders$1 done
Event: 14.012 loading class sun/nio/cs/ThreadLocalCoders$2
Event: 14.012 loading class sun/nio/cs/ThreadLocalCoders$2 done
Event: 14.065 loading class java/time/format/DateTimeFormatterBuilder$ZoneTextPrinterParser
Event: 14.065 loading class java/time/format/DateTimeFormatterBuilder$ZoneTextPrinterParser done
Event: 14.065 loading class java/time/format/DateTimeFormatterBuilder$ReducedPrinterParser
Event: 14.065 loading class java/time/format/DateTimeFormatterBuilder$ReducedPrinterParser done
Event: 14.075 loading class java/util/AbstractMap$SimpleEntry
Event: 14.075 loading class java/util/AbstractMap$SimpleEntry done
Event: 14.085 loading class java/util/stream/LongStream
Event: 14.085 loading class java/util/stream/LongStream done
Event: 14.085 loading class java/util/stream/DoubleStream
Event: 14.085 loading class java/util/stream/DoubleStream done
Event: 14.096 loading class org/w3c/dom/Document
Event: 14.096 loading class org/w3c/dom/Document done


Dynamic libraries:
0x00007ff754120000 - 0x00007ff754130000 	C:\Users\shars\.jdks\graalvm-jdk-17.0.10\bin\java.exe
0x00007ffc0c610000 - 0x00007ffc0c808000 	C:\WINDOWS\SYSTEM32\ntdll.dll
0x00007ffc0c060000 - 0x00007ffc0c11d000 	C:\WINDOWS\System32\KERNEL32.DLL
0x00007ffc0a090000 - 0x00007ffc0a386000 	C:\WINDOWS\System32\KERNELBASE.dll
0x00007ffc09ef0000 - 0x00007ffc09ff0000 	C:\WINDOWS\System32\ucrtbase.dll
0x00007ffbead50000 - 0x00007ffbead69000 	C:\Users\shars\.jdks\graalvm-jdk-17.0.10\bin\jli.dll
0x00007ffbea730000 - 0x00007ffbea74b000 	C:\Users\shars\.jdks\graalvm-jdk-17.0.10\bin\VCRUNTIME140.dll
0x00007ffc0bd50000 - 0x00007ffc0be00000 	C:\WINDOWS\System32\ADVAPI32.dll
0x00007ffc0bfc0000 - 0x00007ffc0c05e000 	C:\WINDOWS\System32\msvcrt.dll
0x00007ffc0beb0000 - 0x00007ffc0bf50000 	C:\WINDOWS\System32\sechost.dll
0x00007ffc0c120000 - 0x00007ffc0c243000 	C:\WINDOWS\System32\RPCRT4.dll
0x00007ffc09e30000 - 0x00007ffc09e57000 	C:\WINDOWS\System32\bcrypt.dll
0x00007ffc0c2b0000 - 0x00007ffc0c44f000 	C:\WINDOWS\System32\USER32.dll
0x00007ffc0a060000 - 0x00007ffc0a082000 	C:\WINDOWS\System32\win32u.dll
0x00007ffbe8610000 - 0x00007ffbe88aa000 	C:\WINDOWS\WinSxS\amd64_microsoft.windows.common-controls_6595b64144ccf1df_6.0.19041.4355_none_60b8b9eb71f62e16\COMCTL32.dll
0x00007ffc0a8c0000 - 0x00007ffc0a8eb000 	C:\WINDOWS\System32\GDI32.dll
0x00007ffc09cc0000 - 0x00007ffc09dd7000 	C:\WINDOWS\System32\gdi32full.dll
0x00007ffc0a5a0000 - 0x00007ffc0a63d000 	C:\WINDOWS\System32\msvcp_win.dll
0x00007ffc02c50000 - 0x00007ffc02c5a000 	C:\WINDOWS\SYSTEM32\VERSION.dll
0x00007ffc0ab50000 - 0x00007ffc0ab82000 	C:\WINDOWS\System32\IMM32.DLL
0x00007ffbead40000 - 0x00007ffbead4c000 	C:\Users\shars\.jdks\graalvm-jdk-17.0.10\bin\vcruntime140_1.dll
0x00007ffbddeb0000 - 0x00007ffbddf3e000 	C:\Users\shars\.jdks\graalvm-jdk-17.0.10\bin\msvcp140.dll
0x00007ffb77b50000 - 0x00007ffb78725000 	C:\Users\shars\.jdks\graalvm-jdk-17.0.10\bin\server\jvm.dll
0x00007ffc0ab40000 - 0x00007ffc0ab48000 	C:\WINDOWS\System32\PSAPI.DLL
0x00007ffbfccf0000 - 0x00007ffbfcd17000 	C:\WINDOWS\SYSTEM32\WINMM.dll
0x00007ffbf4390000 - 0x00007ffbf4399000 	C:\WINDOWS\SYSTEM32\WSOCK32.dll
0x00007ffc0c450000 - 0x00007ffc0c4bb000 	C:\WINDOWS\System32\WS2_32.dll
0x00007ffc07b60000 - 0x00007ffc07b72000 	C:\WINDOWS\SYSTEM32\kernel.appcore.dll
0x00007ffbea640000 - 0x00007ffbea64a000 	C:\Users\shars\.jdks\graalvm-jdk-17.0.10\bin\jimage.dll
0x00007ffbea3f0000 - 0x00007ffbea5d4000 	C:\WINDOWS\SYSTEM32\DBGHELP.DLL
0x00007ffbea2b0000 - 0x00007ffbea2e4000 	C:\WINDOWS\SYSTEM32\dbgcore.DLL
0x00007ffc09e60000 - 0x00007ffc09ee2000 	C:\WINDOWS\System32\bcryptPrimitives.dll
0x00007ffbe7dd0000 - 0x00007ffbe7df5000 	C:\Users\shars\.jdks\graalvm-jdk-17.0.10\bin\java.dll
0x00007ffbc3be0000 - 0x00007ffbc3cb7000 	C:\Users\shars\.jdks\graalvm-jdk-17.0.10\bin\jsvml.dll
0x00007ffc0ab90000 - 0x00007ffc0b2fd000 	C:\WINDOWS\System32\SHELL32.dll
0x00007ffc07d60000 - 0x00007ffc084fd000 	C:\WINDOWS\SYSTEM32\windows.storage.dll
0x00007ffc0b490000 - 0x00007ffc0b7e3000 	C:\WINDOWS\System32\combase.dll
0x00007ffc09610000 - 0x00007ffc0963e000 	C:\WINDOWS\SYSTEM32\Wldp.dll
0x00007ffc0a7f0000 - 0x00007ffc0a8bd000 	C:\WINDOWS\System32\OLEAUT32.dll
0x00007ffc0c4c0000 - 0x00007ffc0c56d000 	C:\WINDOWS\System32\SHCORE.dll
0x00007ffc0c250000 - 0x00007ffc0c2a5000 	C:\WINDOWS\System32\shlwapi.dll
0x00007ffc09bf0000 - 0x00007ffc09c14000 	C:\WINDOWS\SYSTEM32\profapi.dll
0x00007ffb750f0000 - 0x00007ffb77b4b000 	C:\Users\shars\.jdks\graalvm-jdk-17.0.10\bin\jvmcicompiler.dll
0x00007ffc0a390000 - 0x00007ffc0a4ee000 	C:\WINDOWS\System32\CRYPT32.dll
0x00007ffc09b60000 - 0x00007ffc09b8e000 	C:\WINDOWS\SYSTEM32\USERENV.dll
0x00007ffc09680000 - 0x00007ffc096a8000 	C:\WINDOWS\SYSTEM32\ncrypt.dll
0x00007ffc09370000 - 0x00007ffc093da000 	C:\WINDOWS\SYSTEM32\MSWSOCK.dll
0x00007ffc09050000 - 0x00007ffc0908b000 	C:\WINDOWS\SYSTEM32\IPHLPAPI.DLL
0x00007ffc09640000 - 0x00007ffc0967b000 	C:\WINDOWS\SYSTEM32\NTASN1.dll
0x00007ffbe8950000 - 0x00007ffbe8969000 	C:\Users\shars\.jdks\graalvm-jdk-17.0.10\bin\net.dll
0x00007ffc01f30000 - 0x00007ffc0203a000 	C:\WINDOWS\SYSTEM32\WINHTTP.dll
0x00007ffbe7db0000 - 0x00007ffbe7dc6000 	C:\Users\shars\.jdks\graalvm-jdk-17.0.10\bin\nio.dll
0x00007ffbe25b0000 - 0x00007ffbe25c8000 	C:\Users\shars\.jdks\graalvm-jdk-17.0.10\bin\zip.dll
0x00007ffc0bfb0000 - 0x00007ffc0bfb8000 	C:\WINDOWS\System32\NSI.dll
0x00007ffc02ba0000 - 0x00007ffc02bb7000 	C:\WINDOWS\SYSTEM32\dhcpcsvc6.DLL
0x00007ffc032a0000 - 0x00007ffc032bd000 	C:\WINDOWS\SYSTEM32\dhcpcsvc.DLL
0x00007ffc09090000 - 0x00007ffc0915b000 	C:\WINDOWS\SYSTEM32\DNSAPI.dll
0x00007ffbfe3b0000 - 0x00007ffbfe3ba000 	C:\Windows\System32\rasadhlp.dll
0x00007ffbfe030000 - 0x00007ffbfe0b0000 	C:\WINDOWS\System32\fwpuclnt.dll
0x00007ffc03120000 - 0x00007ffc0312e000 	C:\Users\shars\.jdks\graalvm-jdk-17.0.10\bin\sunmscapi.dll
0x00007ffc09560000 - 0x00007ffc09578000 	C:\WINDOWS\SYSTEM32\CRYPTSP.dll
0x00007ffc08c90000 - 0x00007ffc08cc4000 	C:\WINDOWS\system32\rsaenh.dll
0x00007ffc09580000 - 0x00007ffc0958c000 	C:\WINDOWS\SYSTEM32\CRYPTBASE.dll
0x00007ffc058b0000 - 0x00007ffc058ba000 	C:\Users\shars\.jdks\graalvm-jdk-17.0.10\bin\management.dll
0x00007ffc049d0000 - 0x00007ffc049db000 	C:\Users\shars\.jdks\graalvm-jdk-17.0.10\bin\management_ext.dll
0x00007ffbc2bc0000 - 0x00007ffbc2be6000 	C:\Windows\System32\dpuareu_jni.dll
0x00007ffc0a8f0000 - 0x00007ffc0aa1b000 	C:\WINDOWS\System32\ole32.dll
0x00007ffbb01b0000 - 0x00007ffbb0224000 	C:\WINDOWS\SYSTEM32\dpfj.dll
0x00007ffc04e80000 - 0x00007ffc04e87000 	C:\WINDOWS\system32\wshunix.dll
0x00007ffc02350000 - 0x00007ffc0237b000 	C:\WINDOWS\SYSTEM32\dpfpdd.dll
0x00007ffbf72c0000 - 0x00007ffbf7350000 	C:\WINDOWS\SYSTEM32\DPFPApi.DLL
0x00007ffbfe480000 - 0x00007ffbfe4cc000 	C:\WINDOWS\system32\DPCLBACK.dll
0x00007ffc02c20000 - 0x00007ffc02c39000 	C:\WINDOWS\SYSTEM32\NETAPI32.dll
0x00007ffc09160000 - 0x00007ffc0916c000 	C:\WINDOWS\SYSTEM32\NETUTILS.DLL
0x00007ffc08db0000 - 0x00007ffc08de3000 	C:\WINDOWS\SYSTEM32\ntmarta.dll
0x00007ffc097a0000 - 0x00007ffc097b2000 	C:\WINDOWS\SYSTEM32\MSASN1.dll
0x00007ffc0aa20000 - 0x00007ffc0ab34000 	C:\WINDOWS\System32\MSCTF.dll

dbghelp: loaded successfully - version: 4.0.5 - missing functions: none
symbol engine: initialized successfully - sym options: 0x614 - pdb path: .;C:\Users\shars\.jdks\graalvm-jdk-17.0.10\bin;C:\WINDOWS\SYSTEM32;C:\WINDOWS\WinSxS\amd64_microsoft.windows.common-controls_6595b64144ccf1df_6.0.19041.4355_none_60b8b9eb71f62e16;C:\Users\shars\.jdks\graalvm-jdk-17.0.10\bin\server

VM Arguments:
jvm_args: -XX:ThreadPriorityPolicy=1 -XX:+UnlockExperimentalVMOptions -XX:+EnableJVMCIProduct -XX:-UnlockExperimentalVMOptions -Dfile.encoding=windows-1251 -Duser.country=RU -Duser.language=ru -Duser.variant 
java_command: com.digitalPersona.UareU.UareUApplication
java_class_path (initial): C:\Users\shars\OneDrive\Desktop\Fingerprint\UareU\build\classes\java\main;C:\Users\shars\OneDrive\Desktop\Fingerprint\UareU\build\resources\main;C:\Users\shars\OneDrive\Desktop\Fingerprint\UareU\libs\dpuareu.jar;C:\Users\shars\.gradle\caches\modules-2\files-2.1\org.springframework.boot\spring-boot-starter-web-services\3.2.4\269da0189a73f61a85d43a7f6323f9d0b252017a\spring-boot-starter-web-services-3.2.4.jar;C:\Users\shars\.gradle\caches\modules-2\files-2.1\org.springframework.cloud\spring-cloud-config-server\4.1.1\f0e2c780f97a3ce731086c4d8e50991294b55586\spring-cloud-config-server-4.1.1.jar;C:\Users\shars\.gradle\caches\modules-2\files-2.1\org.springframework.boot\spring-boot-starter-web\3.2.4\a74df12b71060da7c8e87f9a8c2ef4ea43fc8017\spring-boot-starter-web-3.2.4.jar;C:\Users\shars\.gradle\caches\modules-2\files-2.1\org.springframework.boot\spring-boot-starter-json\3.2.4\ef3f72369ce7f6f7a7b02c0b23e60ef5bdf581b1\spring-boot-starter-json-3.2.4.jar;C:\Users\shars\.gradle\caches\modules-2\files-2.1\org.springframework.boot\spring-boot-starter-validation\3.2.4\5f43697d1f24a19414bcaec3733dab5b6c24d1da\spring-boot-starter-validation-3.2.4.jar;C:\Users\shars\.gradle\caches\modules-2\files-2.1\org.springframework.boot\spring-boot-starter\3.2.4\842cf7f0ed2ecfef3011f3191fc53c59ceed752\spring-boot-starter-3.2.4.jar;C:\Users\shars\.gradle\caches\modules-2\files-2.1\org.springframework.boot\spring-boot-starter-tomcat\3.2.4\ffa632eeaaf1a4e807ec4bbcc1938f7d43096472\spring-boot-starter-tomcat-3.2.4.jar;C:\Users\shars\.gradle\caches\modules-2\files-2.1\org.springframework.ws\spring-ws-core\4.0.10\ce2c23a80f676bfe535f171f4700c13220d62f04\spring-ws-core-4.0.10.jar;C:\Users\shars\.gradle\caches\modules-2\files-2.1\org.springframework\spring-webmvc\6.1.5\92809fce136e0b662dc9325529443386ba5ec2c6\spring-webmvc-6.1.5.jar;C:\Users\shars\.gradle\caches\modules-2\files-2.1\org.springframework.cloud\spring-cloud-config-client\4.1.1\eb8e3991ab2a7c944a22544dc2b87763554
Launcher Type: SUN_STANDARD

[Global flags]
     intx CICompilerCount                          = 4                                         {product} {ergonomic}
     uint ConcGCThreads                            = 3                                         {product} {ergonomic}
     bool EnableJVMCIProduct                       = true                                {JVMCI product} {jimage}
     uint G1ConcRefinementThreads                  = 10                                        {product} {ergonomic}
   size_t G1HeapRegionSize                         = 2097152                                   {product} {ergonomic}
    uintx GCDrainStackTargetSize                   = 64                                        {product} {ergonomic}
   size_t InitialHeapSize                          = 266338304                                 {product} {ergonomic}
   size_t MarkStackSize                            = 4194304                                   {product} {ergonomic}
   size_t MaxHeapSize                              = 4259315712                                {product} {ergonomic}
   size_t MaxNewSize                               = 2554331136                                {product} {ergonomic}
   size_t MinHeapDeltaBytes                        = 2097152                                   {product} {ergonomic}
   size_t MinHeapSize                              = 8388608                                   {product} {ergonomic}
    uintx NonNMethodCodeHeapSize                   = 6979620                                {pd product} {ergonomic}
    uintx NonProfiledCodeHeapSize                  = 122339310                              {pd product} {ergonomic}
    uintx ProfiledCodeHeapSize                     = 122339310                              {pd product} {ergonomic}
    uintx ReservedCodeCacheSize                    = 251658240                              {pd product} {ergonomic}
     bool SegmentedCodeCache                       = true                                      {product} {ergonomic}
   size_t SoftMaxHeapSize                          = 4259315712                             {manageable} {ergonomic}
     intx ThreadPriorityPolicy                     = 1                                         {product} {jimage}
     bool UseCompressedClassPointers               = true                           {product lp64_product} {ergonomic}
     bool UseCompressedOops                        = true                           {product lp64_product} {ergonomic}
     bool UseG1GC                                  = true                                      {product} {ergonomic}
     bool UseLargePagesIndividualAllocation        = false                                  {pd product} {ergonomic}

Logging:
Log output configuration:
 #0: stdout all=warning uptime,level,tags
 #1: stderr all=off uptime,level,tags

Environment Variables:
PATH=C:\Program Files\Common Files\Oracle\Java\javapath;C:\Program Files (x86)\Common Files\Oracle\Java\java8path;C:\Program Files (x86)\Common Files\Oracle\Java\javapath;C:\WINDOWS\system32;C:\WINDOWS;C:\WINDOWS\System32\Wbem;C:\WINDOWS\System32\WindowsPowerShell\v1.0\;C:\WINDOWS\System32\OpenSSH\;C:\Program Files\Git\cmd;C:\Program Files\nodejs\;C:\Program Files\Gradle\gradle-8.7\bin;C:\Program Files\Java\jdk-17\bin;C:\Users\shars\AppData\Local\Microsoft\WindowsApps;;C:\Program Files\JetBrains\IntelliJ IDEA Community Edition 2023.3.6\bin;;C:\Users\shars\AppData\Local\Programs\Microsoft VS Code\bin;C:\Users\shars\AppData\Roaming\npm
USERNAME=shars
OS=Windows_NT
PROCESSOR_IDENTIFIER=Intel64 Family 6 Model 165 Stepping 3, GenuineIntel



---------------  S Y S T E M  ---------------

OS:
 Windows 10 , 64 bit Build 19041 (10.0.19041.3636)
OS uptime: 1 days 22:56 hours

CPU: total 12 (initial active 12) (6 cores per cpu, 2 threads per core) family 6 model 165 stepping 3 microcode 0xcc, cx8, cmov, fxsr, ht, mmx, 3dnowpref, sse, sse2, sse3, ssse3, sse4.1, sse4.2, popcnt, lzcnt, tsc, tscinvbit, avx, avx2, aes, erms, clmul, bmi1, bmi2, adx, fma, vzeroupper, clflush, clflushopt

Memory: 4k page, system-wide physical 16241M (7306M free)
TotalPageFile size 18673M (AvailPageFile size 8552M)
current process WorkingSet (physical memory assigned to process): 179M, peak: 214M
current process commit charge ("private bytes"): 213M, peak: 424M

vm_info: Java HotSpot(TM) 64-Bit Server VM (17.0.10+11-LTS-jvmci-23.0-b27) for windows-amd64 JRE (17.0.10+11-LTS-jvmci-23.0-b27), built on Dec 20 2023 07:24:22 by "" with MS VC++ 17.1 (VS2022)

END.
